{"name": "test_sample_response", "status": "failed", "statusDetails": {"message": "AssertionError: assert 500 == 200\n +  where 500 = <Response [500]>.status_code", "trace": "def test_sample_response():\n        url = \"http://localhost:8080/api/test\"\n        response = requests.get(url)\n>       assert response.status_code == 200\nE       assert 500 == 200\nE        +  where 500 = <Response [500]>.status_code\n\nsrc/pytestify/tests/sample_test.py:28: AssertionError"}, "attachments": [{"name": "log", "source": "991e3476-b482-4c1e-9807-722265253710-attachment.txt", "type": "text/plain"}, {"name": "stderr", "source": "5d9bb881-d4e8-4aaf-8e17-6372aa4b8433-attachment.txt", "type": "text/plain"}], "start": 1725192134897, "stop": 1725192134954, "uuid": "0edfe0b8-3c36-40c6-912e-61fd3d2da54d", "historyId": "d0f31ffefe1c883a448d73624197366d", "testCaseId": "d0f31ffefe1c883a448d73624197366d", "fullName": "src.pytestify.tests.sample_test#test_sample_response", "labels": [{"name": "parentSuite", "value": "src.pytestify.tests"}, {"name": "suite", "value": "sample_test"}, {"name": "host", "value": "BMDVJAVEDAN"}, {"name": "thread", "value": "3275-MainThread"}, {"name": "framework", "value": "pytest"}, {"name": "language", "value": "cpython3"}, {"name": "package", "value": "src.pytestify.tests.sample_test"}]}