{"name": "test_sample_response", "status": "failed", "statusDetails": {"message": "AssertionError: assert 500 == 200\n +  where 500 = <Response [500]>.status_code", "trace": "def test_sample_response():\n        url = \"http://localhost:8080/api/test\"\n        response = requests.get(url)\n>       assert response.status_code == 200\nE       assert 500 == 200\nE        +  where 500 = <Response [500]>.status_code\n\nsrc/pytestify/tests/sample_test.py:28: AssertionError"}, "attachments": [{"name": "log", "source": "539033d3-be86-4f19-9200-a8f701b6b814-attachment.txt", "type": "text/plain"}, {"name": "stderr", "source": "6a56eea6-b2d0-4b10-a1a1-eeab38f4852c-attachment.txt", "type": "text/plain"}], "start": 1725191660372, "stop": 1725191660424, "uuid": "92be0b49-a26a-4f90-a8e2-82a64f1129d7", "historyId": "d0f31ffefe1c883a448d73624197366d", "testCaseId": "d0f31ffefe1c883a448d73624197366d", "fullName": "src.pytestify.tests.sample_test#test_sample_response", "labels": [{"name": "parentSuite", "value": "src.pytestify.tests"}, {"name": "suite", "value": "sample_test"}, {"name": "host", "value": "BMDVJAVEDAN"}, {"name": "thread", "value": "3039-MainThread"}, {"name": "framework", "value": "pytest"}, {"name": "language", "value": "cpython3"}, {"name": "package", "value": "src.pytestify.tests.sample_test"}]}