{"name": "test_sample_response", "status": "failed", "statusDetails": {"message": "AssertionError: assert 500 == 200\n +  where 500 = <Response [500]>.status_code", "trace": "def test_sample_response():\n        url = \"http://localhost:8080/api/test\"\n        response = requests.get(url)\n>       assert response.status_code == 200\nE       assert 500 == 200\nE        +  where 500 = <Response [500]>.status_code\n\nsrc/pytestify/tests/sample_test.py:28: AssertionError"}, "attachments": [{"name": "log", "source": "b64f887c-6529-425d-87df-3f64923bab23-attachment.txt", "type": "text/plain"}, {"name": "stderr", "source": "b647255d-ff34-40d1-8ad5-a68655bfd563-attachment.txt", "type": "text/plain"}], "start": 1725187814273, "stop": 1725187814369, "uuid": "72053b34-1e6e-4f32-a176-1ddca26969be", "historyId": "d0f31ffefe1c883a448d73624197366d", "testCaseId": "d0f31ffefe1c883a448d73624197366d", "fullName": "src.pytestify.tests.sample_test#test_sample_response", "labels": [{"name": "parentSuite", "value": "src.pytestify.tests"}, {"name": "suite", "value": "sample_test"}, {"name": "host", "value": "BMDVJAVEDAN"}, {"name": "thread", "value": "97709-MainThread"}, {"name": "framework", "value": "pytest"}, {"name": "language", "value": "cpython3"}, {"name": "package", "value": "src.pytestify.tests.sample_test"}]}